Using pre-set license
Built from '2022.3/staging' branch; Version is '2022.3.9f1 (ea401c316338) revision 15351836'; Using compiler version '192829333'; Build Type 'Release'
OS: 'Windows 11  (10.0.22621) 64bit Professional' Language: 'en' Physical Memory: 8144 MB
BatchMode: 1, IsHumanControllingUs: 0, StartBugReporterOnCrash: 0, Is64bit: 1, IsPro: 1

COMMAND LINE ARGUMENTS:
D:\BaiLab-2023-2024\Game nâng cao\2022.3.9f1\Editor\Unity.exe
-adb2
-batchMode
-noUpm
-name
AssetImportWorker0
-projectPath
D:/BaiLab-2023-2024/Game nâng cao/LabGameUnity/2011384_DoanDinhHoang
-logFile
Logs/AssetImportWorker0.log
-srvPort
65408
Successfully changed project path to: D:/BaiLab-2023-2024/Game nâng cao/LabGameUnity/2011384_DoanDinhHoang
D:/BaiLab-2023-2024/Game nâng cao/LabGameUnity/2011384_DoanDinhHoang
[UnityMemory] Configuration Parameters - Can be set up in boot.config
    "memorysetup-bucket-allocator-granularity=16"
    "memorysetup-bucket-allocator-bucket-count=8"
    "memorysetup-bucket-allocator-block-size=33554432"
    "memorysetup-bucket-allocator-block-count=8"
    "memorysetup-main-allocator-block-size=16777216"
    "memorysetup-thread-allocator-block-size=16777216"
    "memorysetup-gfx-main-allocator-block-size=16777216"
    "memorysetup-gfx-thread-allocator-block-size=16777216"
    "memorysetup-cache-allocator-block-size=4194304"
    "memorysetup-typetree-allocator-block-size=2097152"
    "memorysetup-profiler-bucket-allocator-granularity=16"
    "memorysetup-profiler-bucket-allocator-bucket-count=8"
    "memorysetup-profiler-bucket-allocator-block-size=33554432"
    "memorysetup-profiler-bucket-allocator-block-count=8"
    "memorysetup-profiler-allocator-block-size=16777216"
    "memorysetup-profiler-editor-allocator-block-size=1048576"
    "memorysetup-temp-allocator-size-main=16777216"
    "memorysetup-job-temp-allocator-block-size=2097152"
    "memorysetup-job-temp-allocator-block-size-background=1048576"
    "memorysetup-job-temp-allocator-reduction-small-platforms=262144"
    "memorysetup-allocator-temp-initial-block-size-main=262144"
    "memorysetup-allocator-temp-initial-block-size-worker=262144"
    "memorysetup-temp-allocator-size-background-worker=32768"
    "memorysetup-temp-allocator-size-job-worker=262144"
    "memorysetup-temp-allocator-size-preload-manager=33554432"
    "memorysetup-temp-allocator-size-nav-mesh-worker=65536"
    "memorysetup-temp-allocator-size-audio-worker=65536"
    "memorysetup-temp-allocator-size-cloud-worker=32768"
    "memorysetup-temp-allocator-size-gi-baking-worker=262144"
    "memorysetup-temp-allocator-size-gfx=262144"
Player connection [8476] Host "[IP] 192.168.1.13 [Port] 0 [Flags] 2 [Guid] 4064660061 [EditorId] 4064660061 [Version] 1048832 [Id] WindowsEditor(7,Hoang) [Debug] 1 [PackageName] WindowsEditor [ProjectName] Editor" joined multi-casting on [225.0.0.222:54997]...

Player connection [8476] Host "[IP] 192.168.1.13 [Port] 0 [Flags] 2 [Guid] 4064660061 [EditorId] 4064660061 [Version] 1048832 [Id] WindowsEditor(7,Hoang) [Debug] 1 [PackageName] WindowsEditor [ProjectName] Editor" joined alternative multi-casting on [225.0.0.222:34997]...

[Physics::Module] Initialized MultithreadedJobDispatcher with 3 workers.
Refreshing native plugins compatible for Editor in 10.72 ms, found 3 plugins.
Preloading 0 native plugins for Editor in 0.00 ms.
Initialize engine version: 2022.3.9f1 (ea401c316338)
[Subsystems] Discovering subsystems at path D:/BaiLab-2023-2024/Game nâng cao/2022.3.9f1/Editor/Data/Resources/UnitySubsystems
[Subsystems] Discovering subsystems at path D:/BaiLab-2023-2024/Game nâng cao/LabGameUnity/2011384_DoanDinhHoang/Assets
GfxDevice: creating device client; threaded=0; jobified=0
Direct3D:
    Version:  Direct3D 11.0 [level 11.0]
    Renderer: NVIDIA GeForce GTX 750 Ti (ID=0x1380)
    Vendor:   NVIDIA
    VRAM:     2007 MB
    Driver:   27.21.14.5671
Initialize mono
Mono path[0] = 'D:/BaiLab-2023-2024/Game nâng cao/2022.3.9f1/Editor/Data/Managed'
Mono path[1] = 'D:/BaiLab-2023-2024/Game nâng cao/2022.3.9f1/Editor/Data/MonoBleedingEdge/lib/mono/unityjit-win32'
Mono config path = 'D:/BaiLab-2023-2024/Game nâng cao/2022.3.9f1/Editor/Data/MonoBleedingEdge/etc'
Using monoOptions --debugger-agent=transport=dt_socket,embedding=1,server=y,suspend=n,address=127.0.0.1:56116
Begin MonoManager ReloadAssembly
Registering precompiled unity dll's ...
Register platform support module: D:/BaiLab-2023-2024/Game nâng cao/2022.3.9f1/Editor/Data/PlaybackEngines/WebGLSupport/UnityEditor.WebGL.Extensions.dll
Register platform support module: D:/BaiLab-2023-2024/Game nâng cao/2022.3.9f1/Editor/Data/PlaybackEngines/WindowsStandaloneSupport/UnityEditor.WindowsStandalone.Extensions.dll
Registered in 0.006669 seconds.
- Loaded All Assemblies, in  0.515 seconds
Native extension for WindowsStandalone target not found
Native extension for WebGL target not found
Mono: successfully reloaded assembly
- Finished resetting the current domain, in  0.348 seconds
Domain Reload Profiling: 863ms
	BeginReloadAssembly (163ms)
		ExecutionOrderSort (0ms)
		DisableScriptedObjects (0ms)
		BackupInstance (0ms)
		ReleaseScriptingObjects (0ms)
		CreateAndSetChildDomain (1ms)
	RebuildCommonClasses (43ms)
	RebuildNativeTypeToScriptingClass (19ms)
	initialDomainReloadingComplete (86ms)
	LoadAllAssembliesAndSetupDomain (203ms)
		LoadAssemblies (162ms)
		RebuildTransferFunctionScriptingTraits (0ms)
		AnalyzeDomain (201ms)
			TypeCache.Refresh (199ms)
				TypeCache.ScanAssembly (180ms)
			ScanForSourceGeneratedMonoScriptInfo (0ms)
			ResolveRequiredComponents (1ms)
	FinalizeReload (348ms)
		ReleaseScriptCaches (0ms)
		RebuildScriptCaches (0ms)
		SetupLoadedEditorAssemblies (266ms)
			LogAssemblyErrors (0ms)
			InitializePlatformSupportModulesInManaged (11ms)
			SetLoadedEditorAssemblies (11ms)
			RefreshPlugins (0ms)
			BeforeProcessingInitializeOnLoad (3ms)
			ProcessInitializeOnLoadAttributes (176ms)
			ProcessInitializeOnLoadMethodAttributes (65ms)
			AfterProcessingInitializeOnLoad (0ms)
			EditorAssembliesLoaded (0ms)
		ExecutionOrderSort2 (0ms)
		AwakeInstancesAfterBackupRestoration (0ms)
========================================================================
Worker process is ready to serve import requests
Begin MonoManager ReloadAssembly
- Loaded All Assemblies, in  0.838 seconds
Refreshing native plugins compatible for Editor in 2.65 ms, found 3 plugins.
Native extension for WindowsStandalone target not found
Native extension for WebGL target not found
Package Manager log level set to [2]
[Package Manager] Server::EnsureServerProcessIsRunning -- launch failed, reason: Unity was launched with the -noUpm command-line argument
[Package Manager] UpmClient::Send -- Unable to send message (not connected to UPM process).
[Package Manager] Cannot connect to Unity Package Manager local server
Mono: successfully reloaded assembly
- Finished resetting the current domain, in  0.685 seconds
Domain Reload Profiling: 1523ms
	BeginReloadAssembly (196ms)
		ExecutionOrderSort (0ms)
		DisableScriptedObjects (13ms)
		BackupInstance (0ms)
		ReleaseScriptingObjects (0ms)
		CreateAndSetChildDomain (26ms)
	RebuildCommonClasses (47ms)
	RebuildNativeTypeToScriptingClass (14ms)
	initialDomainReloadingComplete (46ms)
	LoadAllAssembliesAndSetupDomain (534ms)
		LoadAssemblies (344ms)
		RebuildTransferFunctionScriptingTraits (0ms)
		AnalyzeDomain (303ms)
			TypeCache.Refresh (277ms)
				TypeCache.ScanAssembly (257ms)
			ScanForSourceGeneratedMonoScriptInfo (18ms)
			ResolveRequiredComponents (6ms)
	FinalizeReload (686ms)
		ReleaseScriptCaches (0ms)
		RebuildScriptCaches (0ms)
		SetupLoadedEditorAssemblies (490ms)
			LogAssemblyErrors (0ms)
			InitializePlatformSupportModulesInManaged (8ms)
			SetLoadedEditorAssemblies (6ms)
			RefreshPlugins (0ms)
			BeforeProcessingInitializeOnLoad (62ms)
			ProcessInitializeOnLoadAttributes (390ms)
			ProcessInitializeOnLoadMethodAttributes (22ms)
			AfterProcessingInitializeOnLoad (2ms)
			EditorAssembliesLoaded (0ms)
		ExecutionOrderSort2 (0ms)
		AwakeInstancesAfterBackupRestoration (8ms)
Launched and connected shader compiler UnityShaderCompiler.exe after 0.08 seconds
Refreshing native plugins compatible for Editor in 2.85 ms, found 3 plugins.
Preloading 0 native plugins for Editor in 0.00 ms.
Unloading 3080 Unused Serialized files (Serialized files now loaded: 0)
Unloading 31 unused Assets / (56.9 KB). Loaded Objects now: 3546.
Memory consumption went from 114.9 MB to 114.9 MB.
Total: 5.355900 ms (FindLiveObjects: 0.332300 ms CreateObjectMapping: 0.346200 ms MarkObjects: 4.541900 ms  DeleteObjects: 0.134100 ms)

AssetImportParameters requested are different than current active one (requested -> active):
  custom:container-demuxer-ogg: 62fdf1f143b41e24485cea50d1cbac27 -> 
  custom:video-codec-MediaFoundation-h265: 746d11721c4dcdbdad8f713fa42b33f4 -> 
  custom:video-decoder-ogg-theora: a1e56fd34408186e4bbccfd4996cb3dc -> 
  custom:framework-win-MediaFoundation: 216162199b28c13a410421893ffa2e32 -> 
  custom:CustomObjectIndexerAttribute: 756ad292c208cfabdd7b50bc23989ffe -> 
  custom:container-demuxer-webm: 4f35f7cbe854078d1ac9338744f61a02 -> 
  custom:container-muxer-webm: aa71ff27fc2769a1b78a27578f13a17b -> 
  custom:video-decoder-webm-vp8: 9c59270c3fd7afecdb556c50c9e8de78 -> 
  custom:SearchIndexIgnoredProperties: e643bd26f0fe6173181afceb89e7c659 -> 
  custom:AudioImporter_EditorPlatform: d09bf68614088b80899f8185d706f6e7 -> 
  custom:video-encoder-webm-vp8: eb34c28f22e8b96e1ab97ce403110664 -> 
  custom:audio-decoder-ogg-vorbis: bf7c407c2cedff20999df2af8eb42d56 -> 
  custom:audio-encoder-webm-vorbis: bf7c407c2cedff20999df2af8eb42d56 -> 
========================================================================
Received Import Request.
  Time since last request: 71877.911256 seconds.
  path: Assets/Scenes
  artifactKey: Guid(3818029d731bb2140888374fe2ac63b1) Importer(815301076,1909f56bfc062723c751e8b465ee728b)
Start importing Assets/Scenes using Guid(3818029d731bb2140888374fe2ac63b1) Importer(815301076,1909f56bfc062723c751e8b465ee728b)  -> (artifact id: '8ad797972c8f842fb84134f21002ec5d') in 0.027779 seconds
Number of updated asset objects reloaded before import = 0
Number of asset objects unloaded after import = 0
========================================================================
Received Import Request.
  Time since last request: 11.192690 seconds.
  path: Assets/Scenes/Menu.unity
  artifactKey: Guid(8de88d6c1a675e24eb27eea68c08bea0) Importer(815301076,1909f56bfc062723c751e8b465ee728b)
Start importing Assets/Scenes/Menu.unity using Guid(8de88d6c1a675e24eb27eea68c08bea0) Importer(815301076,1909f56bfc062723c751e8b465ee728b)  -> (artifact id: '46a8cd5ad775be599c015282223b49d9') in 0.000636 seconds
Number of updated asset objects reloaded before import = 0
Number of asset objects unloaded after import = 0
========================================================================
Received Import Request.
  Time since last request: 547.559735 seconds.
  path: Assets/Gui/ButtonBg.png
  artifactKey: Guid(6a3f41575b30ae340b6e9512ed2a9ba8) Importer(815301076,1909f56bfc062723c751e8b465ee728b)
Start importing Assets/Gui/ButtonBg.png using Guid(6a3f41575b30ae340b6e9512ed2a9ba8) Importer(815301076,1909f56bfc062723c751e8b465ee728b)  -> (artifact id: '9aafba26c0f8dfe1b09841bb3379b5e3') in 0.242675 seconds
Number of updated asset objects reloaded before import = 0
Number of asset objects unloaded after import = 2
========================================================================
Received Import Request.
  Time since last request: 0.000035 seconds.
  path: Assets/Gui/CheckBoxUnchecked.png
  artifactKey: Guid(fdda012462faa9c47b302812f789016e) Importer(815301076,1909f56bfc062723c751e8b465ee728b)
Start importing Assets/Gui/CheckBoxUnchecked.png using Guid(fdda012462faa9c47b302812f789016e) Importer(815301076,1909f56bfc062723c751e8b465ee728b)  -> (artifact id: '687997bd165d3ded66e097ba55406b07') in 0.048223 seconds
Number of updated asset objects reloaded before import = 0
Number of asset objects unloaded after import = 2
========================================================================
Received Import Request.
  Time since last request: 0.000076 seconds.
  path: Assets/Gui/WinScreen.png
  artifactKey: Guid(e878083d263181a4d8d4e0881d3222c8) Importer(815301076,1909f56bfc062723c751e8b465ee728b)
Start importing Assets/Gui/WinScreen.png using Guid(e878083d263181a4d8d4e0881d3222c8) Importer(815301076,1909f56bfc062723c751e8b465ee728b)  -> (artifact id: 'e9050f8494289cd8dd1ce5db18ac84ee') in 0.288692 seconds
Number of updated asset objects reloaded before import = 0
Number of asset objects unloaded after import = 2
========================================================================
Received Import Request.
  Time since last request: 0.000032 seconds.
  path: Assets/Gui/GameOverScreen.png
  artifactKey: Guid(d2da55ba5697f2240827446385ecd093) Importer(815301076,1909f56bfc062723c751e8b465ee728b)
Start importing Assets/Gui/GameOverScreen.png using Guid(d2da55ba5697f2240827446385ecd093) Importer(815301076,1909f56bfc062723c751e8b465ee728b)  -> (artifact id: '178a03bfa399578105bda6487ac6d0f7') in 0.173173 seconds
Number of updated asset objects reloaded before import = 0
Number of asset objects unloaded after import = 2
========================================================================
Received Import Request.
  Time since last request: 0.000253 seconds.
  path: Assets/Gui/Title.png
  artifactKey: Guid(cb0df820057aaa84084ae73f2bfc6bf6) Importer(815301076,1909f56bfc062723c751e8b465ee728b)
Start importing Assets/Gui/Title.png using Guid(cb0df820057aaa84084ae73f2bfc6bf6) Importer(815301076,1909f56bfc062723c751e8b465ee728b)  -> (artifact id: '49ab2ae60d2b3dbaca044c07aa300a67') in 0.236091 seconds
Number of updated asset objects reloaded before import = 0
Number of asset objects unloaded after import = 2
========================================================================
Received Import Request.
  Time since last request: 0.000066 seconds.
  path: Assets/Gui/ButtonOk.png
  artifactKey: Guid(5969c501b6d9f094ab3fa91e9c83d37e) Importer(815301076,1909f56bfc062723c751e8b465ee728b)
Start importing Assets/Gui/ButtonOk.png using Guid(5969c501b6d9f094ab3fa91e9c83d37e) Importer(815301076,1909f56bfc062723c751e8b465ee728b)  -> (artifact id: '2c879d3c9c8505e3b761799295d9489a') in 0.125229 seconds
Number of updated asset objects reloaded before import = 0
Number of asset objects unloaded after import = 2
========================================================================
Received Import Request.
  Time since last request: 0.000272 seconds.
  path: Assets/Gui/TitleSound.png
  artifactKey: Guid(0bd93448aa935764ab822d08bfcb379c) Importer(815301076,1909f56bfc062723c751e8b465ee728b)
Start importing Assets/Gui/TitleSound.png using Guid(0bd93448aa935764ab822d08bfcb379c) Importer(815301076,1909f56bfc062723c751e8b465ee728b)  -> (artifact id: '49d45ada53751c482398b95e726d0ad1') in 0.201291 seconds
Number of updated asset objects reloaded before import = 0
Number of asset objects unloaded after import = 2
========================================================================
Received Import Request.
  Time since last request: 0.000298 seconds.
  path: Assets/Gui/SliderBg.png
  artifactKey: Guid(670d57877d353a8488fef5733327e26f) Importer(815301076,1909f56bfc062723c751e8b465ee728b)
Start importing Assets/Gui/SliderBg.png using Guid(670d57877d353a8488fef5733327e26f) Importer(815301076,1909f56bfc062723c751e8b465ee728b)  -> (artifact id: '299481f7eaa373caa3b5b80ffdaf0604') in 0.053541 seconds
Number of updated asset objects reloaded before import = 0
Number of asset objects unloaded after import = 2
========================================================================
Received Import Request.
  Time since last request: 0.000022 seconds.
  path: Assets/Gui/ButtonQuit.png
  artifactKey: Guid(18c3b23403b23ac40bb808311d5d246e) Importer(815301076,1909f56bfc062723c751e8b465ee728b)
Start importing Assets/Gui/ButtonQuit.png using Guid(18c3b23403b23ac40bb808311d5d246e) Importer(815301076,1909f56bfc062723c751e8b465ee728b)  -> (artifact id: '77062bf28a22ce9807f571d0fe5a3101') in 0.053523 seconds
Number of updated asset objects reloaded before import = 0
Number of asset objects unloaded after import = 2
========================================================================
Received Import Request.
  Time since last request: 0.000028 seconds.
  path: Assets/Gui/SliderThumb.png
  artifactKey: Guid(f1e310543150b9442805bebe4d571962) Importer(815301076,1909f56bfc062723c751e8b465ee728b)
Start importing Assets/Gui/SliderThumb.png using Guid(f1e310543150b9442805bebe4d571962) Importer(815301076,1909f56bfc062723c751e8b465ee728b)  -> (artifact id: '5fc5ab0d44f14f19c3a8ba43c00256c3') in 0.036750 seconds
Number of updated asset objects reloaded before import = 0
Number of asset objects unloaded after import = 2
========================================================================
Received Import Request.
  Time since last request: 0.000032 seconds.
  path: Assets/Gui/TextHard.png
  artifactKey: Guid(022e7a7424219a7429d4c74c8409f6d3) Importer(815301076,1909f56bfc062723c751e8b465ee728b)
Start importing Assets/Gui/TextHard.png using Guid(022e7a7424219a7429d4c74c8409f6d3) Importer(815301076,1909f56bfc062723c751e8b465ee728b)  -> (artifact id: '64cc8d822f0cd3c333f1a4b038918fda') in 0.041530 seconds
Number of updated asset objects reloaded before import = 0
Number of asset objects unloaded after import = 2
========================================================================
Received Import Request.
  Time since last request: 0.000025 seconds.
  path: Assets/Gui/ButtonOptions.png
  artifactKey: Guid(14ea3e937ba53f841a5aca9cc15d8cb0) Importer(815301076,1909f56bfc062723c751e8b465ee728b)
Start importing Assets/Gui/ButtonOptions.png using Guid(14ea3e937ba53f841a5aca9cc15d8cb0) Importer(815301076,1909f56bfc062723c751e8b465ee728b)  -> (artifact id: 'b06271e630983aa07e376758d751a338') in 0.056861 seconds
Number of updated asset objects reloaded before import = 0
Number of asset objects unloaded after import = 2
========================================================================
Received Import Request.
  Time since last request: 0.000045 seconds.
  path: Assets/Gui/TextEasy.png
  artifactKey: Guid(a3bed2eab9e4b794d9a6ac56636b79d1) Importer(815301076,1909f56bfc062723c751e8b465ee728b)
Start importing Assets/Gui/TextEasy.png using Guid(a3bed2eab9e4b794d9a6ac56636b79d1) Importer(815301076,1909f56bfc062723c751e8b465ee728b)  -> (artifact id: '97616dbb40f4b1ac3ab9f2f1a339b952') in 0.060121 seconds
Number of updated asset objects reloaded before import = 0
Number of asset objects unloaded after import = 2
========================================================================
Received Import Request.
  Time since last request: 0.000032 seconds.
  path: Assets/Gui/CheckBoxChecked.png
  artifactKey: Guid(cb896dd3fd032a34881b7e11c53814fe) Importer(815301076,1909f56bfc062723c751e8b465ee728b)
Start importing Assets/Gui/CheckBoxChecked.png using Guid(cb896dd3fd032a34881b7e11c53814fe) Importer(815301076,1909f56bfc062723c751e8b465ee728b)  -> (artifact id: '7c7702b7643dfb7c3e5cc441c715995c') in 0.044681 seconds
Number of updated asset objects reloaded before import = 0
Number of asset objects unloaded after import = 2
========================================================================
Received Import Request.
  Time since last request: 0.000019 seconds.
  path: Assets/Gui/TextNormal.png
  artifactKey: Guid(23b9f6373055bc2428763a2cd25fcfda) Importer(815301076,1909f56bfc062723c751e8b465ee728b)
Start importing Assets/Gui/TextNormal.png using Guid(23b9f6373055bc2428763a2cd25fcfda) Importer(815301076,1909f56bfc062723c751e8b465ee728b)  -> (artifact id: '4ab51a265941695abdf943e26af1bd89') in 0.031908 seconds
Number of updated asset objects reloaded before import = 0
Number of asset objects unloaded after import = 2
========================================================================
Received Import Request.
  Time since last request: 0.000027 seconds.
  path: Assets/Gui/TitleOptions.png
  artifactKey: Guid(9e5e137c39f980f41a46b56ed91e0335) Importer(815301076,1909f56bfc062723c751e8b465ee728b)
Start importing Assets/Gui/TitleOptions.png using Guid(9e5e137c39f980f41a46b56ed91e0335) Importer(815301076,1909f56bfc062723c751e8b465ee728b)  -> (artifact id: 'd3b7bc6a1165d341c838445fea94dada') in 0.031087 seconds
Number of updated asset objects reloaded before import = 0
Number of asset objects unloaded after import = 2
========================================================================
Received Import Request.
  Time since last request: 0.000017 seconds.
  path: Assets/Gui/MainMenuBg.png
  artifactKey: Guid(b3e0f60952b81664ab877ac06623d1c1) Importer(815301076,1909f56bfc062723c751e8b465ee728b)
Start importing Assets/Gui/MainMenuBg.png using Guid(b3e0f60952b81664ab877ac06623d1c1) Importer(815301076,1909f56bfc062723c751e8b465ee728b)  -> (artifact id: '8ba9ee70b136295de0bf478797e6eb79') in 0.031181 seconds
Number of updated asset objects reloaded before import = 0
Number of asset objects unloaded after import = 2
========================================================================
Received Import Request.
  Time since last request: 0.000041 seconds.
  path: Assets/Gui/ButtonBgPressed.png
  artifactKey: Guid(0b8c9428629e9c34f957ef84f5ee11f4) Importer(815301076,1909f56bfc062723c751e8b465ee728b)
Start importing Assets/Gui/ButtonBgPressed.png using Guid(0b8c9428629e9c34f957ef84f5ee11f4) Importer(815301076,1909f56bfc062723c751e8b465ee728b)  -> (artifact id: '0e886a82341ef3e55a3432161496161a') in 0.018108 seconds
Number of updated asset objects reloaded before import = 0
Number of asset objects unloaded after import = 2
========================================================================
Received Import Request.
  Time since last request: 0.000088 seconds.
  path: Assets/Gui/ButtonNewGame.png
  artifactKey: Guid(a7375f74f00d8b540b6967c0c8519e1b) Importer(815301076,1909f56bfc062723c751e8b465ee728b)
Start importing Assets/Gui/ButtonNewGame.png using Guid(a7375f74f00d8b540b6967c0c8519e1b) Importer(815301076,1909f56bfc062723c751e8b465ee728b)  -> (artifact id: '755b815a15505b5e646d7bb380fcdd4f') in 0.018666 seconds
Number of updated asset objects reloaded before import = 0
Number of asset objects unloaded after import = 2
========================================================================
Received Import Request.
  Time since last request: 0.000022 seconds.
  path: Assets/Gui/TitleDifficulty.png
  artifactKey: Guid(ad6386c3deb570143b3bcd048dbdd8c7) Importer(815301076,1909f56bfc062723c751e8b465ee728b)
Start importing Assets/Gui/TitleDifficulty.png using Guid(ad6386c3deb570143b3bcd048dbdd8c7) Importer(815301076,1909f56bfc062723c751e8b465ee728b)  -> (artifact id: 'f389bc0b3a6e670197fe3f28027b4192') in 0.021643 seconds
Number of updated asset objects reloaded before import = 0
Number of asset objects unloaded after import = 2
========================================================================
Received Import Request.
  Time since last request: 8.210718 seconds.
  path: Assets/Gui/MainMenuBg.png
  artifactKey: Guid(b3e0f60952b81664ab877ac06623d1c1) Importer(815301076,1909f56bfc062723c751e8b465ee728b)
Start importing Assets/Gui/MainMenuBg.png using Guid(b3e0f60952b81664ab877ac06623d1c1) Importer(815301076,1909f56bfc062723c751e8b465ee728b)  -> (artifact id: 'b4affc126872f76f4a53fd2b85f6434a') in 0.759822 seconds
Number of updated asset objects reloaded before import = 0
Number of asset objects unloaded after import = 3
========================================================================
Received Import Request.
  Time since last request: 76.942040 seconds.
  path: Assets/Gui/Title.png
  artifactKey: Guid(cb0df820057aaa84084ae73f2bfc6bf6) Importer(815301076,1909f56bfc062723c751e8b465ee728b)
Start importing Assets/Gui/Title.png using Guid(cb0df820057aaa84084ae73f2bfc6bf6) Importer(815301076,1909f56bfc062723c751e8b465ee728b)  -> (artifact id: 'e247c93cff844619d7d1c6a57478df83') in 0.041532 seconds
Number of updated asset objects reloaded before import = 0
Number of asset objects unloaded after import = 3
========================================================================
Received Import Request.
  Time since last request: 187.383785 seconds.
  path: Assets/Gui/ButtonNewGame.png
  artifactKey: Guid(a7375f74f00d8b540b6967c0c8519e1b) Importer(815301076,1909f56bfc062723c751e8b465ee728b)
Start importing Assets/Gui/ButtonNewGame.png using Guid(a7375f74f00d8b540b6967c0c8519e1b) Importer(815301076,1909f56bfc062723c751e8b465ee728b)  -> (artifact id: '06375ea984438f17fe069646cacfbc01') in 0.037764 seconds
Number of updated asset objects reloaded before import = 0
Number of asset objects unloaded after import = 3
========================================================================
Received Import Request.
  Time since last request: 78.389195 seconds.
  path: Assets/Gui/ButtonOptions.png
  artifactKey: Guid(14ea3e937ba53f841a5aca9cc15d8cb0) Importer(815301076,1909f56bfc062723c751e8b465ee728b)
Start importing Assets/Gui/ButtonOptions.png using Guid(14ea3e937ba53f841a5aca9cc15d8cb0) Importer(815301076,1909f56bfc062723c751e8b465ee728b)  -> (artifact id: '3288c731231b91369e421b181d160e7f') in 0.030694 seconds
Number of updated asset objects reloaded before import = 0
Number of asset objects unloaded after import = 3
========================================================================
Received Import Request.
  Time since last request: 36.336549 seconds.
  path: Assets/Gui/ButtonOk.png
  artifactKey: Guid(5969c501b6d9f094ab3fa91e9c83d37e) Importer(815301076,1909f56bfc062723c751e8b465ee728b)
Start importing Assets/Gui/ButtonOk.png using Guid(5969c501b6d9f094ab3fa91e9c83d37e) Importer(815301076,1909f56bfc062723c751e8b465ee728b)  -> (artifact id: '41fb100259ae339cdf34914aa70d7783') in 0.081936 seconds
Number of updated asset objects reloaded before import = 0
Number of asset objects unloaded after import = 3
========================================================================
Received Import Request.
  Time since last request: 23.422264 seconds.
  path: Assets/Scenes/Main.unity
  artifactKey: Guid(9fc0d4010bbf28b4594072e72b8655ab) Importer(815301076,1909f56bfc062723c751e8b465ee728b)
Start importing Assets/Scenes/Main.unity using Guid(9fc0d4010bbf28b4594072e72b8655ab) Importer(815301076,1909f56bfc062723c751e8b465ee728b)  -> (artifact id: 'd7299da7f050b6e72aa53fca5cfd3ae7') in 0.000957 seconds
Number of updated asset objects reloaded before import = 0
Number of asset objects unloaded after import = 0
========================================================================
Received Import Request.
  Time since last request: 1.488206 seconds.
  path: Assets/Scenes/Menu.unity
  artifactKey: Guid(8de88d6c1a675e24eb27eea68c08bea0) Importer(815301076,1909f56bfc062723c751e8b465ee728b)
Start importing Assets/Scenes/Menu.unity using Guid(8de88d6c1a675e24eb27eea68c08bea0) Importer(815301076,1909f56bfc062723c751e8b465ee728b)  -> (artifact id: 'f31322a57949b11d0b82bef829487069') in 0.000528 seconds
Number of updated asset objects reloaded before import = 0
Number of asset objects unloaded after import = 0
